
  You can now view your Streamlit app in your browser.

  Local URL: http://localhost:8501
  Network URL: http://192.168.11.59:8501

  For better performance, install the Watchdog module:

  $ xcode-select --install
  $ pip install watchdog
            
/Users/hidekoya/Library/Python/3.9/lib/python/site-packages/google/auth/__init__.py:54: FutureWarning: You are using a Python version 3.9 past its end of life. Google will update google-auth with critical bug fixes on a best-effort basis, but not with any other fixes or features. Please upgrade your Python version, and then update google-auth.
  warnings.warn(eol_message.format("3.9"), FutureWarning)
/Users/hidekoya/Library/Python/3.9/lib/python/site-packages/urllib3/__init__.py:35: NotOpenSSLWarning: urllib3 v2 only supports OpenSSL 1.1.1+, currently the 'ssl' module is compiled with 'LibreSSL 2.8.3'. See: https://github.com/urllib3/urllib3/issues/3020
  warnings.warn(
/Users/hidekoya/Library/Python/3.9/lib/python/site-packages/google/oauth2/__init__.py:40: FutureWarning: You are using a Python version 3.9 past its end of life. Google will update google-auth with critical bug fixes on a best-effort basis, but not with any other fixes or features. Please upgrade your Python version, and then update google-auth.
  warnings.warn(eol_message.format("3.9"), FutureWarning)
2026-03-16 06:43:31.713 `label` got an empty value. This is discouraged for accessibility reasons and may be disallowed in the future by raising an exception. Please provide a non-empty label and hide it with label_visibility if needed.
Stack (most recent call last):
  File "/Library/Developer/CommandLineTools/Library/Frameworks/Python3.framework/Versions/3.9/lib/python3.9/threading.py", line 930, in _bootstrap
    self._bootstrap_inner()
  File "/Library/Developer/CommandLineTools/Library/Frameworks/Python3.framework/Versions/3.9/lib/python3.9/threading.py", line 973, in _bootstrap_inner
    self.run()
  File "/Library/Developer/CommandLineTools/Library/Frameworks/Python3.framework/Versions/3.9/lib/python3.9/threading.py", line 910, in run
    self._target(*self._args, **self._kwargs)
  File "/Users/hidekoya/Library/Python/3.9/lib/python/site-packages/streamlit/runtime/scriptrunner/script_runner.py", line 378, in _run_script_thread
    self._run_script(request.rerun_data)
  File "/Users/hidekoya/Library/Python/3.9/lib/python/site-packages/streamlit/runtime/scriptrunner/script_runner.py", line 685, in _run_script
    ) = exec_func_with_error_handling(code_to_exec, ctx)
  File "/Users/hidekoya/Library/Python/3.9/lib/python/site-packages/streamlit/runtime/scriptrunner/exec_code.py", line 128, in exec_func_with_error_handling
    result = func()
  File "/Users/hidekoya/Library/Python/3.9/lib/python/site-packages/streamlit/runtime/scriptrunner/script_runner.py", line 669, in code_to_exec
    exec(code, module.__dict__)  # noqa: S102
  File "/Users/hidekoya/dip/app.py", line 39, in <module>
    main()
  File "/Users/hidekoya/dip/app.py", line 23, in main
    cfg, selected_company, companies = render_sidebar()
  File "/Users/hidekoya/dip/ui/components/sidebar.py", line 25, in render_sidebar
    selected = st.sidebar.selectbox(
  File "/Users/hidekoya/Library/Python/3.9/lib/python/site-packages/streamlit/runtime/metrics_util.py", line 443, in wrapped_func
    result = non_optional_func(*args, **kwargs)
  File "/Users/hidekoya/Library/Python/3.9/lib/python/site-packages/streamlit/elements/widgets/selectbox.py", line 469, in selectbox
    return self._selectbox(
  File "/Users/hidekoya/Library/Python/3.9/lib/python/site-packages/streamlit/elements/widgets/selectbox.py", line 514, in _selectbox
    maybe_raise_label_warnings(label, label_visibility)
  File "/Users/hidekoya/Library/Python/3.9/lib/python/site-packages/streamlit/elements/lib/policies.py", line 184, in maybe_raise_label_warnings
    _LOGGER.warning(
2026-03-16 06:43:37.349 `label` got an empty value. This is discouraged for accessibility reasons and may be disallowed in the future by raising an exception. Please provide a non-empty label and hide it with label_visibility if needed.
Stack (most recent call last):
  File "/Library/Developer/CommandLineTools/Library/Frameworks/Python3.framework/Versions/3.9/lib/python3.9/threading.py", line 930, in _bootstrap
    self._bootstrap_inner()
  File "/Library/Developer/CommandLineTools/Library/Frameworks/Python3.framework/Versions/3.9/lib/python3.9/threading.py", line 973, in _bootstrap_inner
    self.run()
  File "/Library/Developer/CommandLineTools/Library/Frameworks/Python3.framework/Versions/3.9/lib/python3.9/threading.py", line 910, in run
    self._target(*self._args, **self._kwargs)
  File "/Users/hidekoya/Library/Python/3.9/lib/python/site-packages/streamlit/runtime/scriptrunner/script_runner.py", line 378, in _run_script_thread
    self._run_script(request.rerun_data)
  File "/Users/hidekoya/Library/Python/3.9/lib/python/site-packages/streamlit/runtime/scriptrunner/script_runner.py", line 685, in _run_script
    ) = exec_func_with_error_handling(code_to_exec, ctx)
  File "/Users/hidekoya/Library/Python/3.9/lib/python/site-packages/streamlit/runtime/scriptrunner/exec_code.py", line 128, in exec_func_with_error_handling
    result = func()
  File "/Users/hidekoya/Library/Python/3.9/lib/python/site-packages/streamlit/runtime/scriptrunner/script_runner.py", line 669, in code_to_exec
    exec(code, module.__dict__)  # noqa: S102
  File "/Users/hidekoya/dip/app.py", line 39, in <module>
    main()
  File "/Users/hidekoya/dip/app.py", line 23, in main
    cfg, selected_company, companies = render_sidebar()
  File "/Users/hidekoya/dip/ui/components/sidebar.py", line 25, in render_sidebar
    selected = st.sidebar.selectbox(
  File "/Users/hidekoya/Library/Python/3.9/lib/python/site-packages/streamlit/runtime/metrics_util.py", line 443, in wrapped_func
    result = non_optional_func(*args, **kwargs)
  File "/Users/hidekoya/Library/Python/3.9/lib/python/site-packages/streamlit/elements/widgets/selectbox.py", line 469, in selectbox
    return self._selectbox(
  File "/Users/hidekoya/Library/Python/3.9/lib/python/site-packages/streamlit/elements/widgets/selectbox.py", line 514, in _selectbox
    maybe_raise_label_warnings(label, label_visibility)
  File "/Users/hidekoya/Library/Python/3.9/lib/python/site-packages/streamlit/elements/lib/policies.py", line 184, in maybe_raise_label_warnings
    _LOGGER.warning(
2026-03-16 06:43:37.405 `label` got an empty value. This is discouraged for accessibility reasons and may be disallowed in the future by raising an exception. Please provide a non-empty label and hide it with label_visibility if needed.
Stack (most recent call last):
  File "/Library/Developer/CommandLineTools/Library/Frameworks/Python3.framework/Versions/3.9/lib/python3.9/threading.py", line 930, in _bootstrap
    self._bootstrap_inner()
  File "/Library/Developer/CommandLineTools/Library/Frameworks/Python3.framework/Versions/3.9/lib/python3.9/threading.py", line 973, in _bootstrap_inner
    self.run()
  File "/Library/Developer/CommandLineTools/Library/Frameworks/Python3.framework/Versions/3.9/lib/python3.9/threading.py", line 910, in run
    self._target(*self._args, **self._kwargs)
  File "/Users/hidekoya/Library/Python/3.9/lib/python/site-packages/streamlit/runtime/scriptrunner/script_runner.py", line 378, in _run_script_thread
    self._run_script(request.rerun_data)
  File "/Users/hidekoya/Library/Python/3.9/lib/python/site-packages/streamlit/runtime/scriptrunner/script_runner.py", line 685, in _run_script
    ) = exec_func_with_error_handling(code_to_exec, ctx)
  File "/Users/hidekoya/Library/Python/3.9/lib/python/site-packages/streamlit/runtime/scriptrunner/exec_code.py", line 128, in exec_func_with_error_handling
    result = func()
  File "/Users/hidekoya/Library/Python/3.9/lib/python/site-packages/streamlit/runtime/scriptrunner/script_runner.py", line 669, in code_to_exec
    exec(code, module.__dict__)  # noqa: S102
  File "/Users/hidekoya/dip/app.py", line 39, in <module>
    main()
  File "/Users/hidekoya/dip/app.py", line 23, in main
    cfg, selected_company, companies = render_sidebar()
  File "/Users/hidekoya/dip/ui/components/sidebar.py", line 25, in render_sidebar
    selected = st.sidebar.selectbox(
  File "/Users/hidekoya/Library/Python/3.9/lib/python/site-packages/streamlit/runtime/metrics_util.py", line 443, in wrapped_func
    result = non_optional_func(*args, **kwargs)
  File "/Users/hidekoya/Library/Python/3.9/lib/python/site-packages/streamlit/elements/widgets/selectbox.py", line 469, in selectbox
    return self._selectbox(
  File "/Users/hidekoya/Library/Python/3.9/lib/python/site-packages/streamlit/elements/widgets/selectbox.py", line 514, in _selectbox
    maybe_raise_label_warnings(label, label_visibility)
  File "/Users/hidekoya/Library/Python/3.9/lib/python/site-packages/streamlit/elements/lib/policies.py", line 184, in maybe_raise_label_warnings
    _LOGGER.warning(
/Users/hidekoya/Library/Python/3.9/lib/python/site-packages/google/api_core/_python_version_support.py:246: FutureWarning: You are using a non-supported Python version (3.9.6). Google will not post any further updates to google.api_core supporting this Python version. Please upgrade to the latest Python version, or at least Python 3.10, and then update google.api_core.
  warnings.warn(message, FutureWarning)
